<?xml version="1.0" encoding="UTF-8"?>
<!-- Generated by org.testng.reporters.JUnitReportReporter -->
<testsuite hostname="EPUAKYIW06F7" failures="0" tests="2" name="com.epam.mentoring.taf.ui.UserSignInTest" time="7.794" errors="0" timestamp="2024-07-15T22:33:00 EEST" skipped="0">
  <testcase classname="com.epam.mentoring.taf.ui.UserSignInTest" name="uiVerification" time="4.235"/>
  <system-out/>
  <testcase classname="com.epam.mentoring.taf.ui.UserSignInTest" name="uiNegativeVerification" time="3.559"/>
  <system-out/>
</testsuite> <!-- com.epam.mentoring.taf.ui.UserSignInTest -->
