<?xml version="1.0" encoding="UTF-8"?>
<!-- Generated by org.testng.reporters.JUnitReportReporter -->
<testsuite hostname="EPUAKYIW06F7" failures="0" tests="3" name="com.epam.mentoring.taf.api.UserSignUpApiTest" time="1.109" errors="0" timestamp="2024-07-15T22:33:00 EEST" skipped="0">
  <testcase classname="com.epam.mentoring.taf.api.UserSignUpApiTest" name="apiEmptyEmailVerification" time="0.324"/>
  <system-out/>
  <testcase classname="com.epam.mentoring.taf.api.UserSignUpApiTest" name="apiVerification" time="0.437"/>
  <system-out/>
  <testcase classname="com.epam.mentoring.taf.api.UserSignUpApiTest" name="apiAlreadyRegisteredVerification" time="0.348"/>
  <system-out/>
</testsuite> <!-- com.epam.mentoring.taf.api.UserSignUpApiTest -->
