<?xml version="1.0" encoding="UTF-8"?>
<!-- Generated by org.testng.reporters.JUnitReportReporter -->
<testsuite hostname="EPUAKYIW06F7" failures="0" tests="1" name="com.epam.mentoring.taf.ui.UserSignUpTest" time="3.926" errors="0" timestamp="2024-07-15T22:33:00 EEST" skipped="0">
  <testcase classname="com.epam.mentoring.taf.ui.UserSignUpTest" name="uiVerification" time="3.926"/>
  <system-out/>
</testsuite> <!-- com.epam.mentoring.taf.ui.UserSignUpTest -->
