<?xml version="1.0" encoding="UTF-8"?>
<!-- Generated by org.testng.reporters.JUnitReportReporter -->
<testsuite hostname="EPUAKYIW06F7" failures="0" tests="4" name="com.epam.mentoring.taf.api.SearchingByTagApiTest" time="5.063" errors="0" timestamp="2024-07-15T22:33:00 EEST" skipped="0">
  <testcase classname="com.epam.mentoring.taf.api.SearchingByTagApiTest" name="apiNegativeVerification" time="3.313"/>
  <system-out/>
  <testcase classname="com.epam.mentoring.taf.api.SearchingByTagApiTest" name="apiVerification1" time="0.673"/>
  <system-out/>
  <testcase classname="com.epam.mentoring.taf.api.SearchingByTagApiTest" name="apiVerification2" time="0.521"/>
  <system-out/>
  <testcase classname="com.epam.mentoring.taf.api.SearchingByTagApiTest" name="apiVerification3" time="0.556"/>
  <system-out/>
</testsuite> <!-- com.epam.mentoring.taf.api.SearchingByTagApiTest -->
